NAME:   andyprometheus
LAST DEPLOYED: Fri Dec 13 15:10:50 2019
NAMESPACE: default
STATUS: DEPLOYED

RESOURCES:
==> v1/ConfigMap
NAME                         AGE
andyprometheus-alertmanager  0s
andyprometheus-server        0s

==> v1/DaemonSet
NAME                          AGE
andyprometheus-node-exporter  0s

==> v1/Deployment
NAME                               AGE
andyprometheus-alertmanager        0s
andyprometheus-kube-state-metrics  0s
andyprometheus-pushgateway         0s
andyprometheus-server              0s

==> v1/PersistentVolumeClaim
NAME                         AGE
andyprometheus-alertmanager  0s
andyprometheus-server        0s

==> v1/Pod(related)
NAME                                                AGE
andyprometheus-alertmanager-84f569fb66-kp6tb        0s
andyprometheus-kube-state-metrics-794f848845-nm487  0s
andyprometheus-node-exporter-qqx4s                  0s
andyprometheus-pushgateway-656c995c97-z5kck         0s
andyprometheus-server-99f7856cd-lcrgc               0s

==> v1/Service
NAME                               AGE
andyprometheus-alertmanager        0s
andyprometheus-kube-state-metrics  0s
andyprometheus-node-exporter       0s
andyprometheus-pushgateway         0s
andyprometheus-server              0s

==> v1/ServiceAccount
NAME                               AGE
andyprometheus-alertmanager        0s
andyprometheus-kube-state-metrics  0s
andyprometheus-node-exporter       0s
andyprometheus-pushgateway         0s
andyprometheus-server              0s

==> v1beta1/ClusterRole
NAME                               AGE
andyprometheus-alertmanager        0s
andyprometheus-kube-state-metrics  0s
andyprometheus-pushgateway         0s
andyprometheus-server              0s

==> v1beta1/ClusterRoleBinding
NAME                               AGE
andyprometheus-alertmanager        0s
andyprometheus-kube-state-metrics  0s
andyprometheus-pushgateway         0s
andyprometheus-server              0s


NOTES:
The Prometheus server can be accessed via port 80 on the following DNS name from within your cluster:
andyprometheus-server.default.svc.cluster.local


Get the Prometheus server URL by running these commands in the same shell:
  export POD_NAME=$(kubectl get pods --namespace default -l "app=prometheus,component=server" -o jsonpath="{.items[0].metadata.name}")
  kubectl --namespace default port-forward $POD_NAME 9090


The Prometheus alertmanager can be accessed via port 80 on the following DNS name from within your cluster:
andyprometheus-alertmanager.default.svc.cluster.local


Get the Alertmanager URL by running these commands in the same shell:
  export POD_NAME=$(kubectl get pods --namespace default -l "app=prometheus,component=alertmanager" -o jsonpath="{.items[0].metadata.name}")
  kubectl --namespace default port-forward $POD_NAME 9093
#################################################################################
######   WARNING: Pod Security Policy has been moved to a global property.  #####
######            use .Values.podSecurityPolicy.enabled with pod-based      #####
######            annotations                                               #####
######            (e.g. .Values.nodeExporter.podSecurityPolicy.annotations) #####
#################################################################################


The Prometheus PushGateway can be accessed via port 9091 on the following DNS name from within your cluster:
andyprometheus-pushgateway.default.svc.cluster.local


Get the PushGateway URL by running these commands in the same shell:
  export POD_NAME=$(kubectl get pods --namespace default -l "app=prometheus,component=pushgateway" -o jsonpath="{.items[0].metadata.name}")
  kubectl --namespace default port-forward $POD_NAME 9091

For more information on running Prometheus, visit:
https://prometheus.io/

